Determining if the pthread_create exist failed with the following output:
Change Dir: /home/sizheliu/drive/sizhe/ECRTS24/artifact-evaluation/inference-tests/build/CMakeFiles/CMakeTmp

Run Build Command:"/usr/bin/make" "cmTC_31bb6/fast"
/usr/bin/make -f CMakeFiles/cmTC_31bb6.dir/build.make CMakeFiles/cmTC_31bb6.dir/build
make[1]: Entering directory '/mnt/Big1TBDrive/sizhe/ECRTS24/artifact-evaluation/inference-tests/build/CMakeFiles/CMakeTmp'
Building CXX object CMakeFiles/cmTC_31bb6.dir/CheckSymbolExists.cxx.o
/usr/bin/c++     -o CMakeFiles/cmTC_31bb6.dir/CheckSymbolExists.cxx.o -c /home/sizheliu/drive/sizhe/ECRTS24/artifact-evaluation/inference-tests/build/CMakeFiles/CMakeTmp/CheckSymbolExists.cxx
Linking CXX executable cmTC_31bb6
/usr/bin/cmake -E cmake_link_script CMakeFiles/cmTC_31bb6.dir/link.txt --verbose=1
/usr/bin/c++       -rdynamic CMakeFiles/cmTC_31bb6.dir/CheckSymbolExists.cxx.o  -o cmTC_31bb6 
CMakeFiles/cmTC_31bb6.dir/CheckSymbolExists.cxx.o: In function `main':
CheckSymbolExists.cxx:(.text+0x1b): undefined reference to `pthread_create'
collect2: error: ld returned 1 exit status
CMakeFiles/cmTC_31bb6.dir/build.make:97: recipe for target 'cmTC_31bb6' failed
make[1]: *** [cmTC_31bb6] Error 1
make[1]: Leaving directory '/mnt/Big1TBDrive/sizhe/ECRTS24/artifact-evaluation/inference-tests/build/CMakeFiles/CMakeTmp'
Makefile:126: recipe for target 'cmTC_31bb6/fast' failed
make: *** [cmTC_31bb6/fast] Error 2

File /home/sizheliu/drive/sizhe/ECRTS24/artifact-evaluation/inference-tests/build/CMakeFiles/CMakeTmp/CheckSymbolExists.cxx:
/* */
#include <pthread.h>

int main(int argc, char** argv)
{
  (void)argv;
#ifndef pthread_create
  return ((int*)(&pthread_create))[argc];
#else
  (void)argc;
  return 0;
#endif
}

Determining if the function pthread_create exists in the pthreads failed with the following output:
Change Dir: /home/sizheliu/drive/sizhe/ECRTS24/artifact-evaluation/inference-tests/build/CMakeFiles/CMakeTmp

Run Build Command:"/usr/bin/make" "cmTC_1c423/fast"
/usr/bin/make -f CMakeFiles/cmTC_1c423.dir/build.make CMakeFiles/cmTC_1c423.dir/build
make[1]: Entering directory '/mnt/Big1TBDrive/sizhe/ECRTS24/artifact-evaluation/inference-tests/build/CMakeFiles/CMakeTmp'
Building CXX object CMakeFiles/cmTC_1c423.dir/CheckFunctionExists.cxx.o
/usr/bin/c++    -DCHECK_FUNCTION_EXISTS=pthread_create   -o CMakeFiles/cmTC_1c423.dir/CheckFunctionExists.cxx.o -c /home/sizheliu/drive/sizhe/ECRTS24/artifact-evaluation/inference-tests/build/CMakeFiles/CheckLibraryExists/CheckFunctionExists.cxx
Linking CXX executable cmTC_1c423
/usr/bin/cmake -E cmake_link_script CMakeFiles/cmTC_1c423.dir/link.txt --verbose=1
/usr/bin/c++   -DCHECK_FUNCTION_EXISTS=pthread_create    -rdynamic CMakeFiles/cmTC_1c423.dir/CheckFunctionExists.cxx.o  -o cmTC_1c423 -lpthreads 
/usr/bin/ld: cannot find -lpthreads
collect2: error: ld returned 1 exit status
CMakeFiles/cmTC_1c423.dir/build.make:97: recipe for target 'cmTC_1c423' failed
make[1]: *** [cmTC_1c423] Error 1
make[1]: Leaving directory '/mnt/Big1TBDrive/sizhe/ECRTS24/artifact-evaluation/inference-tests/build/CMakeFiles/CMakeTmp'
Makefile:126: recipe for target 'cmTC_1c423/fast' failed
make: *** [cmTC_1c423/fast] Error 2


